<?xml version="1.0" encoding="UTF-8"?>
<!-- Generated by org.testng.reporters.JUnitXMLReporter -->
<testsuite hostname="LAPTOP-KABH65JU" ignored="6" name="chrome" tests="1" failures="0" timestamp="15 Jan 2019 05:01:30 GMT" time="28.281" errors="0">
  <testcase name="registration" time="1.494" classname="com.ECFW.testClass.ExcelReaderRegitrationTest"/>
  <testcase name="@BeforeTest startReport" time="0.0" classname="com.ECFW.testClass.BaseTest">
    <ignored/>
  </testcase> <!-- @BeforeTest startReport -->
  <testcase name="@BeforeTest startReport" time="0.0" classname="com.ECFW.testClass.BaseTest">
    <ignored/>
  </testcase> <!-- @BeforeTest startReport -->
  <testcase name="@BeforeTest startReport" time="0.0" classname="com.ECFW.testClass.BaseTest">
    <ignored/>
  </testcase> <!-- @BeforeTest startReport -->
  <testcase name="@AfterTest endReport" time="0.0" classname="com.ECFW.testClass.BaseTest">
    <ignored/>
  </testcase> <!-- @AfterTest endReport -->
  <testcase name="@AfterTest endReport" time="0.0" classname="com.ECFW.testClass.BaseTest">
    <ignored/>
  </testcase> <!-- @AfterTest endReport -->
  <testcase name="@AfterTest endReport" time="0.0" classname="com.ECFW.testClass.BaseTest">
    <ignored/>
  </testcase> <!-- @AfterTest endReport -->
</testsuite> <!-- chrome -->
