<?xml version="1.0" encoding="UTF-8"?>
<!-- Generated by org.testng.reporters.JUnitXMLReporter -->
<testsuite hostname="LAPTOP-KABH65JU" ignored="6" name="firefox" tests="0" failures="0" timestamp="25 Jan 2019 09:46:31 GMT" time="0.901" errors="0">
  <testcase name="@BeforeMethod preCondition" time="0.091" classname="com.ECFW.testClass.BaseTest">
    <failure type="java.lang.IllegalStateException" message="The path to the driver executable must be set by the webdriver.gecko.driver system property; for more information, see https://github.com/mozilla/geckodriver. The latest version can be downloaded from https://github.com/mozilla/geckodriver/releases">
      <![CDATA[java.lang.IllegalStateException: The path to the driver executable must be set by the webdriver.gecko.driver system property; for more information, see https://github.com/mozilla/geckodriver. The latest version can be downloaded from https://github.com/mozilla/geckodriver/releases
at com.google.common.base.Preconditions.checkState(Preconditions.java:847)
at org.openqa.selenium.remote.service.DriverService.findExecutable(DriverService.java:125)
at org.openqa.selenium.firefox.GeckoDriverService.access$100(GeckoDriverService.java:43)
at org.openqa.selenium.firefox.GeckoDriverService$Builder.findDefaultExecutable(GeckoDriverService.java:168)
at org.openqa.selenium.remote.service.DriverService$Builder.build(DriverService.java:346)
at org.openqa.selenium.firefox.FirefoxDriver.toExecutor(FirefoxDriver.java:168)
at org.openqa.selenium.firefox.FirefoxDriver.<init>(FirefoxDriver.java:125)
at org.openqa.selenium.firefox.FirefoxDriver.<init>(FirefoxDriver.java:103)
at com.ECFW.testClass.BaseTest.preCondition(BaseTest.java:62)
... Removed 32 stack frames]]>
    </failure>
  </testcase> <!-- @BeforeMethod preCondition -->
  <testcase name="@BeforeTest startReport" time="0.0" classname="com.ECFW.testClass.BaseTest">
    <ignored/>
  </testcase> <!-- @BeforeTest startReport -->
  <testcase name="@BeforeTest startReport" time="0.0" classname="com.ECFW.testClass.BaseTest">
    <ignored/>
  </testcase> <!-- @BeforeTest startReport -->
  <testcase name="@BeforeTest startReport" time="0.0" classname="com.ECFW.testClass.BaseTest">
    <ignored/>
  </testcase> <!-- @BeforeTest startReport -->
  <testcase name="@AfterTest endReport" time="0.0" classname="com.ECFW.testClass.BaseTest">
    <ignored/>
  </testcase> <!-- @AfterTest endReport -->
  <testcase name="@AfterTest endReport" time="0.0" classname="com.ECFW.testClass.BaseTest">
    <ignored/>
  </testcase> <!-- @AfterTest endReport -->
  <testcase name="@AfterTest endReport" time="0.0" classname="com.ECFW.testClass.BaseTest">
    <ignored/>
  </testcase> <!-- @AfterTest endReport -->
</testsuite> <!-- firefox -->
